[2m2024-10-05T21:34:00.643534Z[0m [31mERROR[0m [2mglazewm::common::commands::shell_exec[0m[2m:[0m [3merr_message[0m[2m=[0m"Failed to execute 'zebar'.\n\nError: The operation was canceled by the user. (0x800704C7)"
[2m2024-10-05T21:42:04.499434Z[0m [31mERROR[0m [2mglazewm::common::commands::shell_exec[0m[2m:[0m [3merr_message[0m[2m=[0m"Failed to execute '\"C:\\Program Files\\Rainmeter\\Rainmeter.exe\"'.\n\nError: Command doesn't have an ending `\"`: '\"C:\\Program Files\\Rainmeter\\Rainmeter.exe\"'."
[2m2024-10-05T21:42:34.584546Z[0m [31mERROR[0m [2mglazewm::common::commands::shell_exec[0m[2m:[0m [3merr_message[0m[2m=[0m"Failed to execute '\"C:\\\\Program Files\\\\Rainmeter\\\\Rainmeter.exe\"'.\n\nError: Command doesn't have an ending `\"`: '\"C:\\\\Program Files\\\\Rainmeter\\\\Rainmeter.exe\"'."
[2m2024-10-05T21:42:56.967525Z[0m [31mERROR[0m [2mglazewm::common::commands::shell_exec[0m[2m:[0m [3merr_message[0m[2m=[0m"Failed to execute '\"C:/Program Files/Rainmeter/Rainmeter.exe\"'.\n\nError: Command doesn't have an ending `\"`: '\"C:/Program Files/Rainmeter/Rainmeter.exe\"'."
[2m2024-10-05T21:43:24.033675Z[0m [31mERROR[0m [2mglazewm[0m[2m:[0m general.startup_commands: unrecognized subcommand
 at line 5 column 21
[2m2024-10-31T20:18:34.955899Z[0m [31mERROR[0m [2mglazewm[0m[2m:[0m Another instance of the application is already running.
[2m2024-11-17T06:10:56.522251Z[0m [31mERROR[0m [2mglazewm[0m[2m:[0m Another instance of the application is already running.
[2m2025-01-23T14:54:35.787839Z[0m [31mERROR[0m [2mglazewm[0m[2m:[0m Invalid window handle. (0x80070578)
[2m2025-01-23T14:54:37.922051Z[0m [31mERROR[0m [2mglazewm[0m[2m:[0m Invalid window handle. (0x80070578)
[2m2025-01-23T14:54:38.868059Z[0m [31mERROR[0m [2mglazewm[0m[2m:[0m Invalid window handle. (0x80070578)
[2m2025-01-23T14:54:39.618979Z[0m [31mERROR[0m [2mglazewm[0m[2m:[0m Invalid window handle. (0x80070578)
[2m2025-01-23T14:54:40.000622Z[0m [31mERROR[0m [2mglazewm[0m[2m:[0m Invalid window handle. (0x80070578)
[2m2025-01-23T14:54:40.336621Z[0m [31mERROR[0m [2mglazewm[0m[2m:[0m Invalid window handle. (0x80070578)
[2m2025-01-23T14:54:40.705330Z[0m [31mERROR[0m [2mglazewm[0m[2m:[0m Invalid window handle. (0x80070578)
[2m2025-01-23T14:54:42.020671Z[0m [31mERROR[0m [2mglazewm[0m[2m:[0m Invalid window handle. (0x80070578)
[2m2025-01-23T14:54:45.267733Z[0m [31mERROR[0m [2mglazewm[0m[2m:[0m Invalid window handle. (0x80070578)
[2m2025-01-23T14:54:46.156832Z[0m [31mERROR[0m [2mglazewm[0m[2m:[0m Invalid window handle. (0x80070578)
[2m2025-01-23T14:54:57.266609Z[0m [31mERROR[0m [2mglazewm[0m[2m:[0m Invalid window handle. (0x80070578)
[2m2025-01-23T14:55:20.771293Z[0m [31mERROR[0m [2mglazewm[0m[2m:[0m Invalid window handle. (0x80070578)
[2m2025-01-23T14:55:22.115130Z[0m [31mERROR[0m [2mglazewm[0m[2m:[0m Invalid window handle. (0x80070578)
[2m2025-01-23T14:55:22.583694Z[0m [31mERROR[0m [2mglazewm[0m[2m:[0m Invalid window handle. (0x80070578)
[2m2025-01-23T14:55:22.803941Z[0m [31mERROR[0m [2mglazewm[0m[2m:[0m Invalid window handle. (0x80070578)
[2m2025-02-25T03:51:58.266757Z[0m [31mERROR[0m [2mglazewm[0m[2m:[0m Access is denied. (0x80070005)
[2m2025-03-18T19:42:08.474119Z[0m [31mERROR[0m [2mglazewm[0m[2m:[0m Access is denied. (0x80070005)
